<?xml version="1.0" encoding="UTF-8"?>
<!-- Generated by org.testng.reporters.JUnitReportReporter -->
<testsuite hostname="BRIDT-1605" name="testAnt.Guru99AntClass" tests="1" failures="0" timestamp="18 Apr 2017 10:10:52 GMT" time="0.029" errors="0">
  <testcase name="Guru99AntTestNGMethod" time="0.029" classname="testAnt.Guru99AntClass"/>
</testsuite> <!-- testAnt.Guru99AntClass -->
